[2019-08-01T15:01:54.839] [INFO] teleTool - server listening on port 3000
[2019-08-01T15:02:22.588] [INFO] teleTool - exec----stopLinkServer
[2019-08-01T15:02:37.460] [INFO] teleTool - exec----stopLinkServer
[2019-08-01T15:04:15.708] [INFO] teleTool - server listening on port 3000
[2019-08-01T15:04:17.870] [INFO] teleTool - -------------getip-------------
[2019-08-01T15:04:38.100] [INFO] teleTool - exec --startServer===========abc
[2019-08-01T15:04:46.202] [INFO] teleTool - exec----stopLinkServer
[2019-08-01T15:05:08.676] [INFO] teleTool - exec-----linkView=====
[2019-08-01T15:05:21.162] [INFO] teleTool - exec-----stopView=====
[2019-08-01T15:09:16.991] [INFO] teleTool - server listening on port 3000
[2019-08-01T15:09:19.158] [INFO] teleTool - -------------getip-------------
[2019-08-01T15:09:45.640] [INFO] teleTool - exec --startServer===========192.168.168.243
[2019-08-01T15:09:57.124] [INFO] teleTool - exec----stopLinkServer
[2019-08-01T15:10:17.133] [INFO] teleTool - exec --startServer===========219.127.9.172
[2019-08-01T15:10:20.574] [INFO] teleTool - exec----stopLinkServer
[2019-08-01T15:10:25.773] [INFO] teleTool - exec-----linkBeiyong
[2019-08-01T15:10:28.703] [INFO] teleTool - exec----stopBeiyong
[2019-08-01T15:23:05.067] [INFO] teleTool - server listening on port 3000
[2019-08-01T15:23:07.132] [INFO] teleTool - -------------getip-------------
[2019-08-01T15:23:20.201] [INFO] teleTool - exec-----linkView
[2019-08-01T15:23:30.392] [INFO] teleTool - exec-----stopView
[2019-08-01T15:23:34.128] [INFO] teleTool - exec-----linkView
[2019-08-01T15:23:35.137] [INFO] teleTool - exec-----stopView
[2019-08-01T15:24:23.466] [INFO] teleTool - server listening on port 3000
[2019-08-01T15:24:27.464] [INFO] teleTool - -------------getip-------------
[2019-08-01T15:24:33.600] [INFO] teleTool - exec-----linkView
[2019-08-01T15:24:34.732] [INFO] teleTool - exec-----stopView
[2019-08-01T15:24:40.788] [INFO] teleTool - exec-----linkView
[2019-08-01T15:24:41.883] [INFO] teleTool - exec-----stopView
